mode: atomic
github.com/kaminskip88/go-kibana-rest/v8/kibana.go:26.42,28.2 1 0
github.com/kaminskip88/go-kibana-rest/v8/kibana.go:31.45,32.23 1 0
github.com/kaminskip88/go-kibana-rest/v8/kibana.go:36.2,42.31 2 0
github.com/kaminskip88/go-kibana-rest/v8/kibana.go:46.2,51.34 2 0
github.com/kaminskip88/go-kibana-rest/v8/kibana.go:55.2,55.20 1 0
github.com/kaminskip88/go-kibana-rest/v8/kibana.go:32.23,34.3 1 0
github.com/kaminskip88/go-kibana-rest/v8/kibana.go:42.31,44.3 1 0
github.com/kaminskip88/go-kibana-rest/v8/kibana.go:51.34,53.3 1 0
github.com/kaminskip88/go-kibana-rest/v8/kbapi/api.kibana_data_view.go:59.42,62.2 2 0
github.com/kaminskip88/go-kibana-rest/v8/kbapi/api.kibana_data_view.go:65.66,66.50 1 1
github.com/kaminskip88/go-kibana-rest/v8/kbapi/api.kibana_data_view.go:66.50,68.15 1 0
github.com/kaminskip88/go-kibana-rest/v8/kbapi/api.kibana_data_view.go:71.3,77.17 6 0
github.com/kaminskip88/go-kibana-rest/v8/kbapi/api.kibana_data_view.go:80.3,81.24 2 0
github.com/kaminskip88/go-kibana-rest/v8/kbapi/api.kibana_data_view.go:88.3,90.30 2 0
github.com/kaminskip88/go-kibana-rest/v8/kbapi/api.kibana_data_view.go:68.15,70.4 1 0
github.com/kaminskip88/go-kibana-rest/v8/kbapi/api.kibana_data_view.go:77.17,79.4 1 0
github.com/kaminskip88/go-kibana-rest/v8/kbapi/api.kibana_data_view.go:81.24,82.32 1 0
github.com/kaminskip88/go-kibana-rest/v8/kbapi/api.kibana_data_view.go:85.4,85.61 1 0
github.com/kaminskip88/go-kibana-rest/v8/kbapi/api.kibana_data_view.go:82.32,84.5 1 0
github.com/kaminskip88/go-kibana-rest/v8/kbapi/api.kibana_data_view.go:96.72,97.89 1 1
github.com/kaminskip88/go-kibana-rest/v8/kbapi/api.kibana_data_view.go:97.89,99.16 1 0
github.com/kaminskip88/go-kibana-rest/v8/kbapi/api.kibana_data_view.go:102.3,114.17 9 0
github.com/kaminskip88/go-kibana-rest/v8/kbapi/api.kibana_data_view.go:118.3,119.24 2 0
github.com/kaminskip88/go-kibana-rest/v8/kbapi/api.kibana_data_view.go:123.3,125.30 2 0
github.com/kaminskip88/go-kibana-rest/v8/kbapi/api.kibana_data_view.go:99.16,101.4 1 0
github.com/kaminskip88/go-kibana-rest/v8/kbapi/api.kibana_data_view.go:114.17,116.4 1 0
github.com/kaminskip88/go-kibana-rest/v8/kbapi/api.kibana_data_view.go:119.24,121.4 1 0
github.com/kaminskip88/go-kibana-rest/v8/kbapi/api.kibana_data_view.go:131.72,132.31 1 1
github.com/kaminskip88/go-kibana-rest/v8/kbapi/api.kibana_data_view.go:132.31,134.15 1 0
github.com/kaminskip88/go-kibana-rest/v8/kbapi/api.kibana_data_view.go:138.3,142.17 4 0
github.com/kaminskip88/go-kibana-rest/v8/kbapi/api.kibana_data_view.go:145.3,146.24 2 0
github.com/kaminskip88/go-kibana-rest/v8/kbapi/api.kibana_data_view.go:150.3,150.13 1 0
github.com/kaminskip88/go-kibana-rest/v8/kbapi/api.kibana_data_view.go:134.15,136.4 1 0
github.com/kaminskip88/go-kibana-rest/v8/kbapi/api.kibana_data_view.go:142.17,144.4 1 0
github.com/kaminskip88/go-kibana-rest/v8/kbapi/api.kibana_data_view.go:146.24,148.4 1 0
github.com/kaminskip88/go-kibana-rest/v8/kbapi/api.kibana_data_view.go:156.72,157.79 1 1
github.com/kaminskip88/go-kibana-rest/v8/kbapi/api.kibana_data_view.go:157.79,159.16 1 0
github.com/kaminskip88/go-kibana-rest/v8/kbapi/api.kibana_data_view.go:162.3,174.17 9 0
github.com/kaminskip88/go-kibana-rest/v8/kbapi/api.kibana_data_view.go:178.3,179.24 2 0
github.com/kaminskip88/go-kibana-rest/v8/kbapi/api.kibana_data_view.go:183.3,185.30 2 0
github.com/kaminskip88/go-kibana-rest/v8/kbapi/api.kibana_data_view.go:159.16,161.4 1 0
github.com/kaminskip88/go-kibana-rest/v8/kbapi/api.kibana_data_view.go:174.17,176.4 1 0
github.com/kaminskip88/go-kibana-rest/v8/kbapi/api.kibana_data_view.go:179.24,181.4 1 0
github.com/kaminskip88/go-kibana-rest/v8/kbapi/api.kibana_save_object.go:52.50,55.2 2 0
github.com/kaminskip88/go-kibana-rest/v8/kbapi/api.kibana_save_object.go:58.72,59.96 1 1
github.com/kaminskip88/go-kibana-rest/v8/kbapi/api.kibana_save_object.go:59.96,61.23 1 0
github.com/kaminskip88/go-kibana-rest/v8/kbapi/api.kibana_save_object.go:64.3,64.15 1 0
github.com/kaminskip88/go-kibana-rest/v8/kbapi/api.kibana_save_object.go:67.3,72.52 5 0
github.com/kaminskip88/go-kibana-rest/v8/kbapi/api.kibana_save_object.go:77.3,80.17 3 0
github.com/kaminskip88/go-kibana-rest/v8/kbapi/api.kibana_save_object.go:83.3,84.31 2 0
github.com/kaminskip88/go-kibana-rest/v8/kbapi/api.kibana_save_object.go:91.3,93.17 3 0
github.com/kaminskip88/go-kibana-rest/v8/kbapi/api.kibana_save_object.go:96.3,98.19 2 0
github.com/kaminskip88/go-kibana-rest/v8/kbapi/api.kibana_save_object.go:61.23,63.4 1 0
github.com/kaminskip88/go-kibana-rest/v8/kbapi/api.kibana_save_object.go:64.15,66.4 1 0
github.com/kaminskip88/go-kibana-rest/v8/kbapi/api.kibana_save_object.go:72.52,74.4 1 0
github.com/kaminskip88/go-kibana-rest/v8/kbapi/api.kibana_save_object.go:74.9,76.4 1 0
github.com/kaminskip88/go-kibana-rest/v8/kbapi/api.kibana_save_object.go:80.17,82.4 1 0
github.com/kaminskip88/go-kibana-rest/v8/kbapi/api.kibana_save_object.go:84.31,85.32 1 0
github.com/kaminskip88/go-kibana-rest/v8/kbapi/api.kibana_save_object.go:88.4,88.61 1 0
github.com/kaminskip88/go-kibana-rest/v8/kbapi/api.kibana_save_object.go:85.32,87.5 1 0
github.com/kaminskip88/go-kibana-rest/v8/kbapi/api.kibana_save_object.go:93.17,95.4 1 0
github.com/kaminskip88/go-kibana-rest/v8/kbapi/api.kibana_save_object.go:104.74,105.129 1 1
github.com/kaminskip88/go-kibana-rest/v8/kbapi/api.kibana_save_object.go:105.129,107.23 1 0
github.com/kaminskip88/go-kibana-rest/v8/kbapi/api.kibana_save_object.go:110.3,116.32 4 0
github.com/kaminskip88/go-kibana-rest/v8/kbapi/api.kibana_save_object.go:151.3,152.52 2 0
github.com/kaminskip88/go-kibana-rest/v8/kbapi/api.kibana_save_object.go:157.3,160.17 3 0
github.com/kaminskip88/go-kibana-rest/v8/kbapi/api.kibana_save_object.go:163.3,164.31 2 0
github.com/kaminskip88/go-kibana-rest/v8/kbapi/api.kibana_save_object.go:171.3,173.17 3 0
github.com/kaminskip88/go-kibana-rest/v8/kbapi/api.kibana_save_object.go:176.3,178.19 2 0
github.com/kaminskip88/go-kibana-rest/v8/kbapi/api.kibana_save_object.go:107.23,109.4 1 0
github.com/kaminskip88/go-kibana-rest/v8/kbapi/api.kibana_save_object.go:116.32,125.46 9 0
github.com/kaminskip88/go-kibana-rest/v8/kbapi/api.kibana_save_object.go:128.4,128.36 1 0
github.com/kaminskip88/go-kibana-rest/v8/kbapi/api.kibana_save_object.go:131.4,131.39 1 0
github.com/kaminskip88/go-kibana-rest/v8/kbapi/api.kibana_save_object.go:134.4,134.54 1 0
github.com/kaminskip88/go-kibana-rest/v8/kbapi/api.kibana_save_object.go:137.4,137.46 1 0
github.com/kaminskip88/go-kibana-rest/v8/kbapi/api.kibana_save_object.go:140.4,140.40 1 0
github.com/kaminskip88/go-kibana-rest/v8/kbapi/api.kibana_save_object.go:143.4,143.42 1 0
github.com/kaminskip88/go-kibana-rest/v8/kbapi/api.kibana_save_object.go:146.4,146.45 1 0
github.com/kaminskip88/go-kibana-rest/v8/kbapi/api.kibana_save_object.go:125.46,127.5 1 0
github.com/kaminskip88/go-kibana-rest/v8/kbapi/api.kibana_save_object.go:128.36,130.5 1 0
github.com/kaminskip88/go-kibana-rest/v8/kbapi/api.kibana_save_object.go:131.39,133.5 1 0
github.com/kaminskip88/go-kibana-rest/v8/kbapi/api.kibana_save_object.go:134.54,136.5 1 0
github.com/kaminskip88/go-kibana-rest/v8/kbapi/api.kibana_save_object.go:137.46,139.5 1 0
github.com/kaminskip88/go-kibana-rest/v8/kbapi/api.kibana_save_object.go:140.40,142.5 1 0
github.com/kaminskip88/go-kibana-rest/v8/kbapi/api.kibana_save_object.go:143.42,145.5 1 0
github.com/kaminskip88/go-kibana-rest/v8/kbapi/api.kibana_save_object.go:146.45,148.5 1 0
github.com/kaminskip88/go-kibana-rest/v8/kbapi/api.kibana_save_object.go:152.52,154.4 1 0
github.com/kaminskip88/go-kibana-rest/v8/kbapi/api.kibana_save_object.go:154.9,156.4 1 0
github.com/kaminskip88/go-kibana-rest/v8/kbapi/api.kibana_save_object.go:160.17,162.4 1 0
github.com/kaminskip88/go-kibana-rest/v8/kbapi/api.kibana_save_object.go:164.31,165.32 1 0
github.com/kaminskip88/go-kibana-rest/v8/kbapi/api.kibana_save_object.go:168.4,168.61 1 0
github.com/kaminskip88/go-kibana-rest/v8/kbapi/api.kibana_save_object.go:165.32,167.5 1 0
github.com/kaminskip88/go-kibana-rest/v8/kbapi/api.kibana_save_object.go:173.17,175.4 1 0
github.com/kaminskip88/go-kibana-rest/v8/kbapi/api.kibana_save_object.go:184.78,185.141 1 1
github.com/kaminskip88/go-kibana-rest/v8/kbapi/api.kibana_save_object.go:185.141,187.18 1 0
github.com/kaminskip88/go-kibana-rest/v8/kbapi/api.kibana_save_object.go:190.3,190.23 1 0
github.com/kaminskip88/go-kibana-rest/v8/kbapi/api.kibana_save_object.go:193.3,200.52 7 0
github.com/kaminskip88/go-kibana-rest/v8/kbapi/api.kibana_save_object.go:205.3,208.17 3 0
github.com/kaminskip88/go-kibana-rest/v8/kbapi/api.kibana_save_object.go:211.3,212.17 2 0
github.com/kaminskip88/go-kibana-rest/v8/kbapi/api.kibana_save_object.go:215.3,216.31 2 0
github.com/kaminskip88/go-kibana-rest/v8/kbapi/api.kibana_save_object.go:219.3,221.17 3 0
github.com/kaminskip88/go-kibana-rest/v8/kbapi/api.kibana_save_object.go:224.3,226.27 2 0
github.com/kaminskip88/go-kibana-rest/v8/kbapi/api.kibana_save_object.go:187.18,189.4 1 0
github.com/kaminskip88/go-kibana-rest/v8/kbapi/api.kibana_save_object.go:190.23,192.4 1 0
github.com/kaminskip88/go-kibana-rest/v8/kbapi/api.kibana_save_object.go:200.52,202.4 1 0
github.com/kaminskip88/go-kibana-rest/v8/kbapi/api.kibana_save_object.go:202.9,204.4 1 0
github.com/kaminskip88/go-kibana-rest/v8/kbapi/api.kibana_save_object.go:208.17,210.4 1 0
github.com/kaminskip88/go-kibana-rest/v8/kbapi/api.kibana_save_object.go:212.17,214.4 1 0
github.com/kaminskip88/go-kibana-rest/v8/kbapi/api.kibana_save_object.go:216.31,218.4 1 0
github.com/kaminskip88/go-kibana-rest/v8/kbapi/api.kibana_save_object.go:221.17,223.4 1 0
github.com/kaminskip88/go-kibana-rest/v8/kbapi/api.kibana_save_object.go:231.78,232.125 1 1
github.com/kaminskip88/go-kibana-rest/v8/kbapi/api.kibana_save_object.go:232.125,234.18 1 0
github.com/kaminskip88/go-kibana-rest/v8/kbapi/api.kibana_save_object.go:237.3,237.23 1 0
github.com/kaminskip88/go-kibana-rest/v8/kbapi/api.kibana_save_object.go:240.3,240.15 1 0
github.com/kaminskip88/go-kibana-rest/v8/kbapi/api.kibana_save_object.go:243.3,249.52 6 0
github.com/kaminskip88/go-kibana-rest/v8/kbapi/api.kibana_save_object.go:254.3,257.17 3 0
github.com/kaminskip88/go-kibana-rest/v8/kbapi/api.kibana_save_object.go:260.3,261.17 2 0
github.com/kaminskip88/go-kibana-rest/v8/kbapi/api.kibana_save_object.go:264.3,265.31 2 0
github.com/kaminskip88/go-kibana-rest/v8/kbapi/api.kibana_save_object.go:268.3,270.17 3 0
github.com/kaminskip88/go-kibana-rest/v8/kbapi/api.kibana_save_object.go:273.3,275.27 2 0
github.com/kaminskip88/go-kibana-rest/v8/kbapi/api.kibana_save_object.go:234.18,236.4 1 0
github.com/kaminskip88/go-kibana-rest/v8/kbapi/api.kibana_save_object.go:237.23,239.4 1 0
github.com/kaminskip88/go-kibana-rest/v8/kbapi/api.kibana_save_object.go:240.15,242.4 1 0
github.com/kaminskip88/go-kibana-rest/v8/kbapi/api.kibana_save_object.go:249.52,251.4 1 0
github.com/kaminskip88/go-kibana-rest/v8/kbapi/api.kibana_save_object.go:251.9,253.4 1 0
github.com/kaminskip88/go-kibana-rest/v8/kbapi/api.kibana_save_object.go:257.17,259.4 1 0
github.com/kaminskip88/go-kibana-rest/v8/kbapi/api.kibana_save_object.go:261.17,263.4 1 0
github.com/kaminskip88/go-kibana-rest/v8/kbapi/api.kibana_save_object.go:265.31,267.4 1 0
github.com/kaminskip88/go-kibana-rest/v8/kbapi/api.kibana_save_object.go:270.17,272.4 1 0
github.com/kaminskip88/go-kibana-rest/v8/kbapi/api.kibana_save_object.go:280.78,281.70 1 1
github.com/kaminskip88/go-kibana-rest/v8/kbapi/api.kibana_save_object.go:281.70,283.23 1 0
github.com/kaminskip88/go-kibana-rest/v8/kbapi/api.kibana_save_object.go:286.3,286.15 1 0
github.com/kaminskip88/go-kibana-rest/v8/kbapi/api.kibana_save_object.go:289.3,294.52 5 0
github.com/kaminskip88/go-kibana-rest/v8/kbapi/api.kibana_save_object.go:299.3,302.17 3 0
github.com/kaminskip88/go-kibana-rest/v8/kbapi/api.kibana_save_object.go:305.3,306.31 2 0
github.com/kaminskip88/go-kibana-rest/v8/kbapi/api.kibana_save_object.go:309.3,311.17 3 0
github.com/kaminskip88/go-kibana-rest/v8/kbapi/api.kibana_save_object.go:314.3,316.13 2 0
github.com/kaminskip88/go-kibana-rest/v8/kbapi/api.kibana_save_object.go:283.23,285.4 1 0
github.com/kaminskip88/go-kibana-rest/v8/kbapi/api.kibana_save_object.go:286.15,288.4 1 0
github.com/kaminskip88/go-kibana-rest/v8/kbapi/api.kibana_save_object.go:294.52,296.4 1 0
github.com/kaminskip88/go-kibana-rest/v8/kbapi/api.kibana_save_object.go:296.9,298.4 1 0
github.com/kaminskip88/go-kibana-rest/v8/kbapi/api.kibana_save_object.go:302.17,304.4 1 0
github.com/kaminskip88/go-kibana-rest/v8/kbapi/api.kibana_save_object.go:306.31,308.4 1 0
github.com/kaminskip88/go-kibana-rest/v8/kbapi/api.kibana_save_object.go:311.17,313.4 1 0
github.com/kaminskip88/go-kibana-rest/v8/kbapi/api.kibana_save_object.go:321.78,322.121 1 1
github.com/kaminskip88/go-kibana-rest/v8/kbapi/api.kibana_save_object.go:322.121,332.27 7 0
github.com/kaminskip88/go-kibana-rest/v8/kbapi/api.kibana_save_object.go:335.3,335.23 1 0
github.com/kaminskip88/go-kibana-rest/v8/kbapi/api.kibana_save_object.go:338.3,342.52 4 0
github.com/kaminskip88/go-kibana-rest/v8/kbapi/api.kibana_save_object.go:347.3,350.17 3 0
github.com/kaminskip88/go-kibana-rest/v8/kbapi/api.kibana_save_object.go:353.3,354.17 2 0
github.com/kaminskip88/go-kibana-rest/v8/kbapi/api.kibana_save_object.go:357.3,358.31 2 0
github.com/kaminskip88/go-kibana-rest/v8/kbapi/api.kibana_save_object.go:362.3,365.19 3 0
github.com/kaminskip88/go-kibana-rest/v8/kbapi/api.kibana_save_object.go:332.27,334.4 1 0
github.com/kaminskip88/go-kibana-rest/v8/kbapi/api.kibana_save_object.go:335.23,337.4 1 0
github.com/kaminskip88/go-kibana-rest/v8/kbapi/api.kibana_save_object.go:342.52,344.4 1 0
github.com/kaminskip88/go-kibana-rest/v8/kbapi/api.kibana_save_object.go:344.9,346.4 1 0
github.com/kaminskip88/go-kibana-rest/v8/kbapi/api.kibana_save_object.go:350.17,352.4 1 0
github.com/kaminskip88/go-kibana-rest/v8/kbapi/api.kibana_save_object.go:354.17,356.4 1 0
github.com/kaminskip88/go-kibana-rest/v8/kbapi/api.kibana_save_object.go:358.31,360.4 1 0
github.com/kaminskip88/go-kibana-rest/v8/kbapi/api.kibana_save_object.go:371.78,372.95 1 1
github.com/kaminskip88/go-kibana-rest/v8/kbapi/api.kibana_save_object.go:372.95,374.21 1 0
github.com/kaminskip88/go-kibana-rest/v8/kbapi/api.kibana_save_object.go:378.3,383.52 5 0
github.com/kaminskip88/go-kibana-rest/v8/kbapi/api.kibana_save_object.go:388.3,394.17 3 0
github.com/kaminskip88/go-kibana-rest/v8/kbapi/api.kibana_save_object.go:397.3,398.31 2 0
github.com/kaminskip88/go-kibana-rest/v8/kbapi/api.kibana_save_object.go:401.3,403.17 3 0
github.com/kaminskip88/go-kibana-rest/v8/kbapi/api.kibana_save_object.go:406.3,408.27 2 0
github.com/kaminskip88/go-kibana-rest/v8/kbapi/api.kibana_save_object.go:374.21,376.4 1 0
github.com/kaminskip88/go-kibana-rest/v8/kbapi/api.kibana_save_object.go:383.52,385.4 1 0
github.com/kaminskip88/go-kibana-rest/v8/kbapi/api.kibana_save_object.go:385.9,387.4 1 0
github.com/kaminskip88/go-kibana-rest/v8/kbapi/api.kibana_save_object.go:394.17,396.4 1 0
github.com/kaminskip88/go-kibana-rest/v8/kbapi/api.kibana_save_object.go:398.31,400.4 1 0
github.com/kaminskip88/go-kibana-rest/v8/kbapi/api.kibana_save_object.go:403.17,405.4 1 0
github.com/kaminskip88/go-kibana-rest/v8/kbapi/api._.go:90.32,144.2 1 1
github.com/kaminskip88/go-kibana-rest/v8/kbapi/api.kibana_dashboard.go:22.74,23.83 1 1
github.com/kaminskip88/go-kibana-rest/v8/kbapi/api.kibana_dashboard.go:23.83,25.23 1 0
github.com/kaminskip88/go-kibana-rest/v8/kbapi/api.kibana_dashboard.go:28.3,32.52 4 0
github.com/kaminskip88/go-kibana-rest/v8/kbapi/api.kibana_dashboard.go:38.3,42.17 4 0
github.com/kaminskip88/go-kibana-rest/v8/kbapi/api.kibana_dashboard.go:45.3,46.31 2 0
github.com/kaminskip88/go-kibana-rest/v8/kbapi/api.kibana_dashboard.go:53.3,55.17 3 0
github.com/kaminskip88/go-kibana-rest/v8/kbapi/api.kibana_dashboard.go:58.3,60.19 2 0
github.com/kaminskip88/go-kibana-rest/v8/kbapi/api.kibana_dashboard.go:25.23,27.4 1 0
github.com/kaminskip88/go-kibana-rest/v8/kbapi/api.kibana_dashboard.go:32.52,34.4 1 0
github.com/kaminskip88/go-kibana-rest/v8/kbapi/api.kibana_dashboard.go:34.9,36.4 1 0
github.com/kaminskip88/go-kibana-rest/v8/kbapi/api.kibana_dashboard.go:42.17,44.4 1 0
github.com/kaminskip88/go-kibana-rest/v8/kbapi/api.kibana_dashboard.go:46.31,47.32 1 0
github.com/kaminskip88/go-kibana-rest/v8/kbapi/api.kibana_dashboard.go:50.4,50.61 1 0
github.com/kaminskip88/go-kibana-rest/v8/kbapi/api.kibana_dashboard.go:47.32,49.5 1 0
github.com/kaminskip88/go-kibana-rest/v8/kbapi/api.kibana_dashboard.go:55.17,57.4 1 0
github.com/kaminskip88/go-kibana-rest/v8/kbapi/api.kibana_dashboard.go:66.74,67.107 1 1
github.com/kaminskip88/go-kibana-rest/v8/kbapi/api.kibana_dashboard.go:67.107,69.18 1 0
github.com/kaminskip88/go-kibana-rest/v8/kbapi/api.kibana_dashboard.go:72.3,78.52 6 0
github.com/kaminskip88/go-kibana-rest/v8/kbapi/api.kibana_dashboard.go:84.3,87.31 3 0
github.com/kaminskip88/go-kibana-rest/v8/kbapi/api.kibana_dashboard.go:90.3,91.17 2 0
github.com/kaminskip88/go-kibana-rest/v8/kbapi/api.kibana_dashboard.go:94.3,95.17 2 0
github.com/kaminskip88/go-kibana-rest/v8/kbapi/api.kibana_dashboard.go:98.3,99.31 2 0
github.com/kaminskip88/go-kibana-rest/v8/kbapi/api.kibana_dashboard.go:102.3,104.17 3 0
github.com/kaminskip88/go-kibana-rest/v8/kbapi/api.kibana_dashboard.go:107.3,111.13 2 0
github.com/kaminskip88/go-kibana-rest/v8/kbapi/api.kibana_dashboard.go:69.18,71.4 1 0
github.com/kaminskip88/go-kibana-rest/v8/kbapi/api.kibana_dashboard.go:78.52,80.4 1 0
github.com/kaminskip88/go-kibana-rest/v8/kbapi/api.kibana_dashboard.go:80.9,82.4 1 0
github.com/kaminskip88/go-kibana-rest/v8/kbapi/api.kibana_dashboard.go:87.31,89.4 1 0
github.com/kaminskip88/go-kibana-rest/v8/kbapi/api.kibana_dashboard.go:91.17,93.4 1 0
github.com/kaminskip88/go-kibana-rest/v8/kbapi/api.kibana_dashboard.go:95.17,97.4 1 0
github.com/kaminskip88/go-kibana-rest/v8/kbapi/api.kibana_dashboard.go:99.31,101.4 1 0
github.com/kaminskip88/go-kibana-rest/v8/kbapi/api.kibana_dashboard.go:104.17,106.4 1 0
github.com/kaminskip88/go-kibana-rest/v8/kbapi/api.kibana_logstash_pipeline.go:52.44,55.2 2 0
github.com/kaminskip88/go-kibana-rest/v8/kbapi/api.kibana_logstash_pipeline.go:58.82,59.52 1 1
github.com/kaminskip88/go-kibana-rest/v8/kbapi/api.kibana_logstash_pipeline.go:59.52,61.15 1 0
github.com/kaminskip88/go-kibana-rest/v8/kbapi/api.kibana_logstash_pipeline.go:64.3,68.17 4 0
github.com/kaminskip88/go-kibana-rest/v8/kbapi/api.kibana_logstash_pipeline.go:71.3,72.31 2 0
github.com/kaminskip88/go-kibana-rest/v8/kbapi/api.kibana_logstash_pipeline.go:78.3,80.17 3 0
github.com/kaminskip88/go-kibana-rest/v8/kbapi/api.kibana_logstash_pipeline.go:83.3,85.31 2 0
github.com/kaminskip88/go-kibana-rest/v8/kbapi/api.kibana_logstash_pipeline.go:61.15,63.4 1 0
github.com/kaminskip88/go-kibana-rest/v8/kbapi/api.kibana_logstash_pipeline.go:68.17,70.4 1 0
github.com/kaminskip88/go-kibana-rest/v8/kbapi/api.kibana_logstash_pipeline.go:72.31,73.32 1 0
github.com/kaminskip88/go-kibana-rest/v8/kbapi/api.kibana_logstash_pipeline.go:76.4,76.61 1 0
github.com/kaminskip88/go-kibana-rest/v8/kbapi/api.kibana_logstash_pipeline.go:73.32,75.5 1 0
github.com/kaminskip88/go-kibana-rest/v8/kbapi/api.kibana_logstash_pipeline.go:80.17,82.4 1 0
github.com/kaminskip88/go-kibana-rest/v8/kbapi/api.kibana_logstash_pipeline.go:90.84,91.43 1 1
github.com/kaminskip88/go-kibana-rest/v8/kbapi/api.kibana_logstash_pipeline.go:91.43,95.17 3 0
github.com/kaminskip88/go-kibana-rest/v8/kbapi/api.kibana_logstash_pipeline.go:98.3,99.31 2 0
github.com/kaminskip88/go-kibana-rest/v8/kbapi/api.kibana_logstash_pipeline.go:102.3,104.17 3 0
github.com/kaminskip88/go-kibana-rest/v8/kbapi/api.kibana_logstash_pipeline.go:107.3,109.46 2 0
github.com/kaminskip88/go-kibana-rest/v8/kbapi/api.kibana_logstash_pipeline.go:95.17,97.4 1 0
github.com/kaminskip88/go-kibana-rest/v8/kbapi/api.kibana_logstash_pipeline.go:99.31,101.4 1 0
github.com/kaminskip88/go-kibana-rest/v8/kbapi/api.kibana_logstash_pipeline.go:104.17,106.4 1 0
github.com/kaminskip88/go-kibana-rest/v8/kbapi/api.kibana_logstash_pipeline.go:115.104,116.77 1 1
github.com/kaminskip88/go-kibana-rest/v8/kbapi/api.kibana_logstash_pipeline.go:116.77,118.30 1 0
github.com/kaminskip88/go-kibana-rest/v8/kbapi/api.kibana_logstash_pipeline.go:122.3,131.17 4 0
github.com/kaminskip88/go-kibana-rest/v8/kbapi/api.kibana_logstash_pipeline.go:135.3,137.17 3 0
github.com/kaminskip88/go-kibana-rest/v8/kbapi/api.kibana_logstash_pipeline.go:141.3,142.31 2 0
github.com/kaminskip88/go-kibana-rest/v8/kbapi/api.kibana_logstash_pipeline.go:147.3,148.17 2 0
github.com/kaminskip88/go-kibana-rest/v8/kbapi/api.kibana_logstash_pipeline.go:151.3,151.30 1 0
github.com/kaminskip88/go-kibana-rest/v8/kbapi/api.kibana_logstash_pipeline.go:155.3,157.31 2 0
github.com/kaminskip88/go-kibana-rest/v8/kbapi/api.kibana_logstash_pipeline.go:118.30,120.4 1 0
github.com/kaminskip88/go-kibana-rest/v8/kbapi/api.kibana_logstash_pipeline.go:131.17,133.4 1 0
github.com/kaminskip88/go-kibana-rest/v8/kbapi/api.kibana_logstash_pipeline.go:137.17,139.4 1 0
github.com/kaminskip88/go-kibana-rest/v8/kbapi/api.kibana_logstash_pipeline.go:142.31,144.4 1 0
github.com/kaminskip88/go-kibana-rest/v8/kbapi/api.kibana_logstash_pipeline.go:148.17,150.4 1 0
github.com/kaminskip88/go-kibana-rest/v8/kbapi/api.kibana_logstash_pipeline.go:151.30,153.4 1 0
github.com/kaminskip88/go-kibana-rest/v8/kbapi/api.kibana_logstash_pipeline.go:162.88,163.31 1 1
github.com/kaminskip88/go-kibana-rest/v8/kbapi/api.kibana_logstash_pipeline.go:163.31,165.15 1 0
github.com/kaminskip88/go-kibana-rest/v8/kbapi/api.kibana_logstash_pipeline.go:168.3,172.17 4 0
github.com/kaminskip88/go-kibana-rest/v8/kbapi/api.kibana_logstash_pipeline.go:175.3,176.31 2 0
github.com/kaminskip88/go-kibana-rest/v8/kbapi/api.kibana_logstash_pipeline.go:180.3,180.13 1 0
github.com/kaminskip88/go-kibana-rest/v8/kbapi/api.kibana_logstash_pipeline.go:165.15,167.4 1 0
github.com/kaminskip88/go-kibana-rest/v8/kbapi/api.kibana_logstash_pipeline.go:172.17,174.4 1 0
github.com/kaminskip88/go-kibana-rest/v8/kbapi/api.kibana_logstash_pipeline.go:176.31,178.4 1 0
github.com/kaminskip88/go-kibana-rest/v8/kbapi/api.kibana_role_management.go:67.38,70.2 2 0
github.com/kaminskip88/go-kibana-rest/v8/kbapi/api.kibana_role_management.go:73.78,74.48 1 1
github.com/kaminskip88/go-kibana-rest/v8/kbapi/api.kibana_role_management.go:74.48,76.17 1 0
github.com/kaminskip88/go-kibana-rest/v8/kbapi/api.kibana_role_management.go:79.3,83.17 4 0
github.com/kaminskip88/go-kibana-rest/v8/kbapi/api.kibana_role_management.go:86.3,87.31 2 0
github.com/kaminskip88/go-kibana-rest/v8/kbapi/api.kibana_role_management.go:93.3,95.17 3 0
github.com/kaminskip88/go-kibana-rest/v8/kbapi/api.kibana_role_management.go:98.3,100.25 2 0
github.com/kaminskip88/go-kibana-rest/v8/kbapi/api.kibana_role_management.go:76.17,78.4 1 0
github.com/kaminskip88/go-kibana-rest/v8/kbapi/api.kibana_role_management.go:83.17,85.4 1 0
github.com/kaminskip88/go-kibana-rest/v8/kbapi/api.kibana_role_management.go:87.31,88.32 1 0
github.com/kaminskip88/go-kibana-rest/v8/kbapi/api.kibana_role_management.go:91.4,91.61 1 0
github.com/kaminskip88/go-kibana-rest/v8/kbapi/api.kibana_role_management.go:88.32,90.5 1 0
github.com/kaminskip88/go-kibana-rest/v8/kbapi/api.kibana_role_management.go:95.17,97.4 1 0
github.com/kaminskip88/go-kibana-rest/v8/kbapi/api.kibana_role_management.go:106.80,107.37 1 1
github.com/kaminskip88/go-kibana-rest/v8/kbapi/api.kibana_role_management.go:107.37,110.17 2 0
github.com/kaminskip88/go-kibana-rest/v8/kbapi/api.kibana_role_management.go:113.3,114.31 2 0
github.com/kaminskip88/go-kibana-rest/v8/kbapi/api.kibana_role_management.go:117.3,119.17 3 0
github.com/kaminskip88/go-kibana-rest/v8/kbapi/api.kibana_role_management.go:122.3,124.26 2 0
github.com/kaminskip88/go-kibana-rest/v8/kbapi/api.kibana_role_management.go:110.17,112.4 1 0
github.com/kaminskip88/go-kibana-rest/v8/kbapi/api.kibana_role_management.go:114.31,116.4 1 0
github.com/kaminskip88/go-kibana-rest/v8/kbapi/api.kibana_role_management.go:119.17,121.4 1 0
github.com/kaminskip88/go-kibana-rest/v8/kbapi/api.kibana_role_management.go:130.100,131.59 1 1
github.com/kaminskip88/go-kibana-rest/v8/kbapi/api.kibana_role_management.go:131.59,133.24 1 0
github.com/kaminskip88/go-kibana-rest/v8/kbapi/api.kibana_role_management.go:136.3,143.17 7 0
github.com/kaminskip88/go-kibana-rest/v8/kbapi/api.kibana_role_management.go:146.3,147.17 2 0
github.com/kaminskip88/go-kibana-rest/v8/kbapi/api.kibana_role_management.go:150.3,151.31 2 0
github.com/kaminskip88/go-kibana-rest/v8/kbapi/api.kibana_role_management.go:156.3,157.17 2 0
github.com/kaminskip88/go-kibana-rest/v8/kbapi/api.kibana_role_management.go:161.3,163.25 2 0
github.com/kaminskip88/go-kibana-rest/v8/kbapi/api.kibana_role_management.go:133.24,135.4 1 0
github.com/kaminskip88/go-kibana-rest/v8/kbapi/api.kibana_role_management.go:143.17,145.4 1 0
github.com/kaminskip88/go-kibana-rest/v8/kbapi/api.kibana_role_management.go:147.17,149.4 1 0
github.com/kaminskip88/go-kibana-rest/v8/kbapi/api.kibana_role_management.go:151.31,153.4 1 0
github.com/kaminskip88/go-kibana-rest/v8/kbapi/api.kibana_role_management.go:157.17,159.4 1 0
github.com/kaminskip88/go-kibana-rest/v8/kbapi/api.kibana_role_management.go:169.84,170.33 1 1
github.com/kaminskip88/go-kibana-rest/v8/kbapi/api.kibana_role_management.go:170.33,172.17 1 0
github.com/kaminskip88/go-kibana-rest/v8/kbapi/api.kibana_role_management.go:175.3,179.17 4 0
github.com/kaminskip88/go-kibana-rest/v8/kbapi/api.kibana_role_management.go:182.3,183.31 2 0
github.com/kaminskip88/go-kibana-rest/v8/kbapi/api.kibana_role_management.go:187.3,187.13 1 0
github.com/kaminskip88/go-kibana-rest/v8/kbapi/api.kibana_role_management.go:172.17,174.4 1 0
github.com/kaminskip88/go-kibana-rest/v8/kbapi/api.kibana_role_management.go:179.17,181.4 1 0
github.com/kaminskip88/go-kibana-rest/v8/kbapi/api.kibana_role_management.go:183.31,185.4 1 0
github.com/kaminskip88/go-kibana-rest/v8/kbapi/api.kibana_saved_object_v2.go:57.45,60.2 2 5
github.com/kaminskip88/go-kibana-rest/v8/kbapi/api.kibana_saved_object_v2.go:63.76,64.62 1 1
github.com/kaminskip88/go-kibana-rest/v8/kbapi/api.kibana_saved_object_v2.go:64.62,66.32 1 2
github.com/kaminskip88/go-kibana-rest/v8/kbapi/api.kibana_saved_object_v2.go:69.3,76.17 7 2
github.com/kaminskip88/go-kibana-rest/v8/kbapi/api.kibana_saved_object_v2.go:79.3,80.24 2 2
github.com/kaminskip88/go-kibana-rest/v8/kbapi/api.kibana_saved_object_v2.go:87.3,89.21 2 1
github.com/kaminskip88/go-kibana-rest/v8/kbapi/api.kibana_saved_object_v2.go:66.32,68.4 1 0
github.com/kaminskip88/go-kibana-rest/v8/kbapi/api.kibana_saved_object_v2.go:76.17,78.4 1 0
github.com/kaminskip88/go-kibana-rest/v8/kbapi/api.kibana_saved_object_v2.go:80.24,81.32 1 1
github.com/kaminskip88/go-kibana-rest/v8/kbapi/api.kibana_saved_object_v2.go:84.4,84.61 1 0
github.com/kaminskip88/go-kibana-rest/v8/kbapi/api.kibana_saved_object_v2.go:81.32,83.5 1 1
github.com/kaminskip88/go-kibana-rest/v8/kbapi/api.kibana_saved_object_v2.go:95.82,96.81 1 1
github.com/kaminskip88/go-kibana-rest/v8/kbapi/api.kibana_saved_object_v2.go:96.81,98.16 1 1
github.com/kaminskip88/go-kibana-rest/v8/kbapi/api.kibana_saved_object_v2.go:101.3,111.17 7 1
github.com/kaminskip88/go-kibana-rest/v8/kbapi/api.kibana_saved_object_v2.go:115.3,116.24 2 1
github.com/kaminskip88/go-kibana-rest/v8/kbapi/api.kibana_saved_object_v2.go:120.3,122.17 2 1
github.com/kaminskip88/go-kibana-rest/v8/kbapi/api.kibana_saved_object_v2.go:98.16,100.4 1 0
github.com/kaminskip88/go-kibana-rest/v8/kbapi/api.kibana_saved_object_v2.go:111.17,113.4 1 0
github.com/kaminskip88/go-kibana-rest/v8/kbapi/api.kibana_saved_object_v2.go:116.24,118.4 1 0
github.com/kaminskip88/go-kibana-rest/v8/kbapi/api.kibana_saved_object_v2.go:128.76,129.40 1 1
github.com/kaminskip88/go-kibana-rest/v8/kbapi/api.kibana_saved_object_v2.go:129.40,131.32 1 1
github.com/kaminskip88/go-kibana-rest/v8/kbapi/api.kibana_saved_object_v2.go:135.3,141.17 6 1
github.com/kaminskip88/go-kibana-rest/v8/kbapi/api.kibana_saved_object_v2.go:144.3,145.24 2 1
github.com/kaminskip88/go-kibana-rest/v8/kbapi/api.kibana_saved_object_v2.go:149.3,149.13 1 1
github.com/kaminskip88/go-kibana-rest/v8/kbapi/api.kibana_saved_object_v2.go:131.32,133.4 1 0
github.com/kaminskip88/go-kibana-rest/v8/kbapi/api.kibana_saved_object_v2.go:141.17,143.4 1 0
github.com/kaminskip88/go-kibana-rest/v8/kbapi/api.kibana_saved_object_v2.go:145.24,147.4 1 0
github.com/kaminskip88/go-kibana-rest/v8/kbapi/api.kibana_saved_object_v2.go:155.82,156.65 1 1
github.com/kaminskip88/go-kibana-rest/v8/kbapi/api.kibana_saved_object_v2.go:156.65,158.16 1 1
github.com/kaminskip88/go-kibana-rest/v8/kbapi/api.kibana_saved_object_v2.go:161.3,169.17 6 1
github.com/kaminskip88/go-kibana-rest/v8/kbapi/api.kibana_saved_object_v2.go:173.3,174.24 2 1
github.com/kaminskip88/go-kibana-rest/v8/kbapi/api.kibana_saved_object_v2.go:178.3,180.17 2 1
github.com/kaminskip88/go-kibana-rest/v8/kbapi/api.kibana_saved_object_v2.go:158.16,160.4 1 0
github.com/kaminskip88/go-kibana-rest/v8/kbapi/api.kibana_saved_object_v2.go:169.17,171.4 1 0
github.com/kaminskip88/go-kibana-rest/v8/kbapi/api.kibana_saved_object_v2.go:174.24,176.4 1 0
github.com/kaminskip88/go-kibana-rest/v8/kbapi/api.kibana_saved_object_v2.go:185.65,188.26 3 2
github.com/kaminskip88/go-kibana-rest/v8/kbapi/api.kibana_saved_object_v2.go:193.2,193.12 1 2
github.com/kaminskip88/go-kibana-rest/v8/kbapi/api.kibana_saved_object_v2.go:188.26,190.3 1 0
github.com/kaminskip88/go-kibana-rest/v8/kbapi/api.kibana_saved_object_v2.go:190.8,192.3 1 2
github.com/kaminskip88/go-kibana-rest/v8/kbapi/api.kibana_shorten_url.go:38.38,41.2 2 0
github.com/kaminskip88/go-kibana-rest/v8/kbapi/api.kibana_shorten_url.go:44.46,47.2 2 0
github.com/kaminskip88/go-kibana-rest/v8/kbapi/api.kibana_shorten_url.go:50.76,51.67 1 1
github.com/kaminskip88/go-kibana-rest/v8/kbapi/api.kibana_shorten_url.go:51.67,53.24 1 0
github.com/kaminskip88/go-kibana-rest/v8/kbapi/api.kibana_shorten_url.go:56.3,63.17 6 0
github.com/kaminskip88/go-kibana-rest/v8/kbapi/api.kibana_shorten_url.go:67.3,70.17 3 0
github.com/kaminskip88/go-kibana-rest/v8/kbapi/api.kibana_shorten_url.go:74.3,75.31 2 0
github.com/kaminskip88/go-kibana-rest/v8/kbapi/api.kibana_shorten_url.go:79.3,81.17 3 0
github.com/kaminskip88/go-kibana-rest/v8/kbapi/api.kibana_shorten_url.go:84.3,86.33 2 0
github.com/kaminskip88/go-kibana-rest/v8/kbapi/api.kibana_shorten_url.go:53.24,55.4 1 0
github.com/kaminskip88/go-kibana-rest/v8/kbapi/api.kibana_shorten_url.go:63.17,65.4 1 0
github.com/kaminskip88/go-kibana-rest/v8/kbapi/api.kibana_shorten_url.go:70.17,72.4 1 0
github.com/kaminskip88/go-kibana-rest/v8/kbapi/api.kibana_shorten_url.go:75.31,77.4 1 0
github.com/kaminskip88/go-kibana-rest/v8/kbapi/api.kibana_shorten_url.go:81.17,83.4 1 0
github.com/kaminskip88/go-kibana-rest/v8/kbapi/api.kibana_spaces.go:64.39,67.2 2 2
github.com/kaminskip88/go-kibana-rest/v8/kbapi/api.kibana_spaces.go:70.60,71.47 1 1
github.com/kaminskip88/go-kibana-rest/v8/kbapi/api.kibana_spaces.go:71.47,73.15 1 0
github.com/kaminskip88/go-kibana-rest/v8/kbapi/api.kibana_spaces.go:76.3,80.17 4 0
github.com/kaminskip88/go-kibana-rest/v8/kbapi/api.kibana_spaces.go:83.3,84.31 2 0
github.com/kaminskip88/go-kibana-rest/v8/kbapi/api.kibana_spaces.go:91.3,93.17 3 0
github.com/kaminskip88/go-kibana-rest/v8/kbapi/api.kibana_spaces.go:96.3,98.26 2 0
github.com/kaminskip88/go-kibana-rest/v8/kbapi/api.kibana_spaces.go:73.15,75.4 1 0
github.com/kaminskip88/go-kibana-rest/v8/kbapi/api.kibana_spaces.go:80.17,82.4 1 0
github.com/kaminskip88/go-kibana-rest/v8/kbapi/api.kibana_spaces.go:84.31,85.32 1 0
github.com/kaminskip88/go-kibana-rest/v8/kbapi/api.kibana_spaces.go:88.4,88.61 1 0
github.com/kaminskip88/go-kibana-rest/v8/kbapi/api.kibana_spaces.go:85.32,87.5 1 0
github.com/kaminskip88/go-kibana-rest/v8/kbapi/api.kibana_spaces.go:93.17,95.4 1 0
github.com/kaminskip88/go-kibana-rest/v8/kbapi/api.kibana_spaces.go:104.62,105.38 1 1
github.com/kaminskip88/go-kibana-rest/v8/kbapi/api.kibana_spaces.go:105.38,109.17 3 1
github.com/kaminskip88/go-kibana-rest/v8/kbapi/api.kibana_spaces.go:112.3,113.31 2 1
github.com/kaminskip88/go-kibana-rest/v8/kbapi/api.kibana_spaces.go:116.3,118.17 3 1
github.com/kaminskip88/go-kibana-rest/v8/kbapi/api.kibana_spaces.go:121.3,123.27 2 1
github.com/kaminskip88/go-kibana-rest/v8/kbapi/api.kibana_spaces.go:109.17,111.4 1 0
github.com/kaminskip88/go-kibana-rest/v8/kbapi/api.kibana_spaces.go:113.31,115.4 1 0
github.com/kaminskip88/go-kibana-rest/v8/kbapi/api.kibana_spaces.go:118.17,120.4 1 0
github.com/kaminskip88/go-kibana-rest/v8/kbapi/api.kibana_spaces.go:129.66,130.62 1 1
github.com/kaminskip88/go-kibana-rest/v8/kbapi/api.kibana_spaces.go:130.62,132.25 1 1
github.com/kaminskip88/go-kibana-rest/v8/kbapi/api.kibana_spaces.go:135.3,138.17 3 1
github.com/kaminskip88/go-kibana-rest/v8/kbapi/api.kibana_spaces.go:141.3,143.17 3 1
github.com/kaminskip88/go-kibana-rest/v8/kbapi/api.kibana_spaces.go:147.3,148.31 2 1
github.com/kaminskip88/go-kibana-rest/v8/kbapi/api.kibana_spaces.go:151.3,153.17 3 1
github.com/kaminskip88/go-kibana-rest/v8/kbapi/api.kibana_spaces.go:156.3,158.26 2 1
github.com/kaminskip88/go-kibana-rest/v8/kbapi/api.kibana_spaces.go:132.25,134.4 1 0
github.com/kaminskip88/go-kibana-rest/v8/kbapi/api.kibana_spaces.go:138.17,140.4 1 0
github.com/kaminskip88/go-kibana-rest/v8/kbapi/api.kibana_spaces.go:143.17,145.4 1 0
github.com/kaminskip88/go-kibana-rest/v8/kbapi/api.kibana_spaces.go:148.31,150.4 1 0
github.com/kaminskip88/go-kibana-rest/v8/kbapi/api.kibana_spaces.go:153.17,155.4 1 0
github.com/kaminskip88/go-kibana-rest/v8/kbapi/api.kibana_spaces.go:164.86,165.88 1 1
github.com/kaminskip88/go-kibana-rest/v8/kbapi/api.kibana_spaces.go:165.88,167.23 1 0
github.com/kaminskip88/go-kibana-rest/v8/kbapi/api.kibana_spaces.go:170.3,174.52 4 0
github.com/kaminskip88/go-kibana-rest/v8/kbapi/api.kibana_spaces.go:179.3,180.17 2 0
github.com/kaminskip88/go-kibana-rest/v8/kbapi/api.kibana_spaces.go:183.3,184.17 2 0
github.com/kaminskip88/go-kibana-rest/v8/kbapi/api.kibana_spaces.go:188.3,189.31 2 0
github.com/kaminskip88/go-kibana-rest/v8/kbapi/api.kibana_spaces.go:192.3,194.17 3 0
github.com/kaminskip88/go-kibana-rest/v8/kbapi/api.kibana_spaces.go:197.3,200.34 3 0
github.com/kaminskip88/go-kibana-rest/v8/kbapi/api.kibana_spaces.go:205.3,205.22 1 0
github.com/kaminskip88/go-kibana-rest/v8/kbapi/api.kibana_spaces.go:209.3,209.13 1 0
github.com/kaminskip88/go-kibana-rest/v8/kbapi/api.kibana_spaces.go:167.23,169.4 1 0
github.com/kaminskip88/go-kibana-rest/v8/kbapi/api.kibana_spaces.go:174.52,176.4 1 0
github.com/kaminskip88/go-kibana-rest/v8/kbapi/api.kibana_spaces.go:176.9,178.4 1 0
github.com/kaminskip88/go-kibana-rest/v8/kbapi/api.kibana_spaces.go:180.17,182.4 1 0
github.com/kaminskip88/go-kibana-rest/v8/kbapi/api.kibana_spaces.go:184.17,186.4 1 0
github.com/kaminskip88/go-kibana-rest/v8/kbapi/api.kibana_spaces.go:189.31,191.4 1 0
github.com/kaminskip88/go-kibana-rest/v8/kbapi/api.kibana_spaces.go:194.17,196.4 1 0
github.com/kaminskip88/go-kibana-rest/v8/kbapi/api.kibana_spaces.go:200.34,201.58 1 0
github.com/kaminskip88/go-kibana-rest/v8/kbapi/api.kibana_spaces.go:201.58,203.5 1 0
github.com/kaminskip88/go-kibana-rest/v8/kbapi/api.kibana_spaces.go:205.22,207.4 1 0
github.com/kaminskip88/go-kibana-rest/v8/kbapi/api.kibana_spaces.go:215.66,216.31 1 1
github.com/kaminskip88/go-kibana-rest/v8/kbapi/api.kibana_spaces.go:216.31,218.15 1 0
github.com/kaminskip88/go-kibana-rest/v8/kbapi/api.kibana_spaces.go:222.3,226.17 4 0
github.com/kaminskip88/go-kibana-rest/v8/kbapi/api.kibana_spaces.go:229.3,230.31 2 0
github.com/kaminskip88/go-kibana-rest/v8/kbapi/api.kibana_spaces.go:236.3,236.13 1 0
github.com/kaminskip88/go-kibana-rest/v8/kbapi/api.kibana_spaces.go:218.15,220.4 1 0
github.com/kaminskip88/go-kibana-rest/v8/kbapi/api.kibana_spaces.go:226.17,228.4 1 0
github.com/kaminskip88/go-kibana-rest/v8/kbapi/api.kibana_spaces.go:230.31,234.4 1 0
github.com/kaminskip88/go-kibana-rest/v8/kbapi/api.kibana_spaces.go:242.66,243.62 1 1
github.com/kaminskip88/go-kibana-rest/v8/kbapi/api.kibana_spaces.go:243.62,245.25 1 0
github.com/kaminskip88/go-kibana-rest/v8/kbapi/api.kibana_spaces.go:248.3,251.17 3 0
github.com/kaminskip88/go-kibana-rest/v8/kbapi/api.kibana_spaces.go:254.3,256.17 3 0
github.com/kaminskip88/go-kibana-rest/v8/kbapi/api.kibana_spaces.go:260.3,261.31 2 0
github.com/kaminskip88/go-kibana-rest/v8/kbapi/api.kibana_spaces.go:264.3,266.17 3 0
github.com/kaminskip88/go-kibana-rest/v8/kbapi/api.kibana_spaces.go:269.3,271.26 2 0
github.com/kaminskip88/go-kibana-rest/v8/kbapi/api.kibana_spaces.go:245.25,247.4 1 0
github.com/kaminskip88/go-kibana-rest/v8/kbapi/api.kibana_spaces.go:251.17,253.4 1 0
github.com/kaminskip88/go-kibana-rest/v8/kbapi/api.kibana_spaces.go:256.17,258.4 1 0
github.com/kaminskip88/go-kibana-rest/v8/kbapi/api.kibana_spaces.go:261.31,263.4 1 0
github.com/kaminskip88/go-kibana-rest/v8/kbapi/api.kibana_spaces.go:266.17,268.4 1 0
github.com/kaminskip88/go-kibana-rest/v8/kbapi/api.kibana_status.go:21.62,22.38 1 1
github.com/kaminskip88/go-kibana-rest/v8/kbapi/api.kibana_status.go:22.38,24.17 2 0
github.com/kaminskip88/go-kibana-rest/v8/kbapi/api.kibana_status.go:27.3,28.31 2 0
github.com/kaminskip88/go-kibana-rest/v8/kbapi/api.kibana_status.go:34.3,36.17 3 0
github.com/kaminskip88/go-kibana-rest/v8/kbapi/api.kibana_status.go:39.3,41.27 2 0
github.com/kaminskip88/go-kibana-rest/v8/kbapi/api.kibana_status.go:24.17,26.4 1 0
github.com/kaminskip88/go-kibana-rest/v8/kbapi/api.kibana_status.go:28.31,29.32 1 0
github.com/kaminskip88/go-kibana-rest/v8/kbapi/api.kibana_status.go:32.4,32.61 1 0
github.com/kaminskip88/go-kibana-rest/v8/kbapi/api.kibana_status.go:29.32,31.5 1 0
github.com/kaminskip88/go-kibana-rest/v8/kbapi/api.kibana_status.go:36.17,38.4 1 0
github.com/kaminskip88/go-kibana-rest/v8/kbapi/error.go:14.34,16.2 1 0
github.com/kaminskip88/go-kibana-rest/v8/kbapi/error.go:19.76,24.2 1 0
